[2017-03-10 21:22:05] my_logger.INFO: verify_mobile_unique [] []
[2017-03-10 21:23:08] my_logger.INFO: verify_mobile_unique [] []
[2017-03-10 21:25:20] my_logger.INFO: verify_mobile_unique [] []
[2017-03-10 21:31:07] my_logger.INFO: verify_mobile_unique [] []
[2017-03-10 21:32:35] my_logger.INFO: verify_mobile_unique [] []
[2017-03-10 21:32:53] my_logger.INFO: verify_mobile_unique [] []
[2017-03-10 21:34:06] my_logger.INFO: verify_mobile_unique [] []
[2017-03-10 21:34:22] my_logger.INFO: verify_mobile_unique [] []
[2017-03-10 21:34:50] my_logger.INFO: verify_mobile_unique [] []
[2017-03-10 21:48:14] my_logger.INFO: verify_mobile_unique [] []
[2017-03-10 21:48:29] my_logger.INFO: verify_mobile_unique [] []
[2017-03-10 22:16:53] my_logger.INFO: verify_mobile_unique [] []
[2017-03-10 22:22:32] my_logger.INFO: verify_mobile_unique [] []
[2017-03-10 22:22:32] my_logger.INFO: register started [] []
[2017-03-10 22:33:00] my_logger.INFO: verify_mobile_unique [] []
[2017-03-10 22:33:01] my_logger.INFO: register started [] []
[2017-03-10 22:33:07] my_logger.INFO: verify_mobile_unique [] []
[2017-03-10 22:33:07] my_logger.INFO: register started [] []
[2017-03-10 22:34:39] my_logger.INFO: verify_mobile_unique [] []
[2017-03-10 22:34:39] my_logger.INFO: register started [] []
[2017-03-10 22:36:58] my_logger.INFO: verify_mobile_unique [] []
[2017-03-10 22:52:22] my_logger.INFO: verify_mobile_unique [] []
[2017-03-10 22:52:49] my_logger.INFO: verify_mobile_unique [] []
[2017-03-10 22:53:47] my_logger.INFO: verify_mobile_unique [] []
[2017-03-10 22:54:03] my_logger.INFO: verify_mobile_unique [] []
[2017-03-10 22:54:15] my_logger.INFO: verify_mobile_unique [] []
[2017-03-10 22:54:20] my_logger.INFO: verify_mobile_unique [] []
[2017-03-10 22:54:27] my_logger.INFO: verify_mobile_unique [] []
[2017-03-10 22:54:27] my_logger.INFO: register started [] []
[2017-03-10 22:55:08] my_logger.INFO: verify_mobile_unique [] []
[2017-03-10 22:55:40] my_logger.INFO: verify_mobile_unique [] []
[2017-03-10 22:59:20] my_logger.INFO: verify_mobile_unique [] []
[2017-03-10 22:59:49] my_logger.INFO: verify_mobile_unique [] []
[2017-03-10 23:02:47] my_logger.INFO: verify_mobile_unique [] []
[2017-03-10 23:02:47] my_logger.INFO: register started [] []
[2017-03-10 23:03:12] my_logger.INFO: verify_mobile_unique [] []
[2017-03-10 23:03:24] my_logger.INFO: verify_mobile_unique [] []
[2017-03-10 23:04:43] my_logger.INFO: verify_mobile_unique [] []
[2017-03-10 23:04:43] my_logger.INFO: register started [] []
[2017-03-10 23:04:53] my_logger.INFO: verify_mobile_unique [] []
[2017-03-10 23:04:53] my_logger.INFO: register started [] []
[2017-03-10 23:16:26] my_logger.INFO: verify_mobile_unique [] []
[2017-03-10 23:16:38] my_logger.INFO: verify_mobile_unique [] []
[2017-03-10 23:16:38] my_logger.INFO: register started [] []
[2017-03-10 23:16:43] my_logger.INFO: verify_mobile_unique [] []
[2017-03-10 23:17:08] my_logger.INFO: verify_mobile_unique [] []
[2017-03-10 23:23:14] my_logger.INFO: verify_mobile_unique [] []
[2017-03-10 23:23:19] my_logger.INFO: verify_mobile_unique [] []
[2017-03-11 00:08:18] my_logger.INFO: verify_mobile_unique [] []
[2017-03-11 00:09:26] my_logger.INFO: check_verify_status [] []
[2017-03-11 00:10:09] my_logger.INFO: check_verify_status [] []
[2017-03-11 00:10:37] my_logger.INFO: check_verify_status [] []
[2017-03-11 00:10:37] my_logger.INFO: check_verify_status [] []
[2017-03-11 00:10:45] my_logger.INFO: check_verify_status [] []
[2017-03-11 00:11:10] my_logger.INFO: check_verify_status [] []
[2017-03-11 00:11:10] my_logger.INFO: check_verify_status [] []
[2017-03-11 00:11:16] my_logger.INFO: check_verify_status [] []
[2017-03-11 00:11:17] my_logger.INFO: check_verify_status [] []
[2017-03-11 00:11:23] my_logger.INFO: check_verify_status [] []
[2017-03-11 00:11:23] my_logger.INFO: check_verify_status [] []
[2017-03-11 00:11:34] my_logger.INFO: check_verify_status [] []
[2017-03-11 00:11:34] my_logger.INFO: check_verify_status [] []
[2017-03-11 00:36:24] my_logger.INFO: check_mobile_exists [] []
[2017-03-11 00:36:24] my_logger.INFO: verify_user [] []
[2017-03-11 00:37:37] my_logger.INFO: check_mobile_exists [] []
[2017-03-11 00:37:37] my_logger.INFO: verify_user [] []
[2017-03-11 00:38:06] my_logger.INFO: check_mobile_exists [] []
[2017-03-11 00:38:07] my_logger.INFO: verify_user [] []
[2017-03-11 00:38:22] my_logger.INFO: check_mobile_exists [] []
[2017-03-11 00:38:22] my_logger.INFO: verify_user [] []
[2017-03-11 00:38:42] my_logger.INFO: check_mobile_exists [] []
[2017-03-11 00:38:43] my_logger.INFO: verify_user [] []
[2017-03-11 00:39:59] my_logger.INFO: check_mobile_exists [] []
[2017-03-11 00:40:00] my_logger.INFO: verify_user [] []
[2017-03-11 06:40:36] my_logger.INFO: check_verify_status [] []
[2017-03-12 15:23:32] my_logger.INFO: check_verify_status [] []
[2017-03-12 15:24:51] my_logger.INFO: check_verify_status [] []
[2017-03-12 15:26:30] my_logger.INFO: check_verify_status [] []
[2017-03-12 15:27:05] my_logger.INFO: check_verify_status [] []
[2017-03-12 15:27:05] my_logger.INFO: login [] []
[2017-03-12 15:27:31] my_logger.INFO: check_verify_status [] []
[2017-03-12 15:27:36] my_logger.INFO: login [] []
[2017-03-12 15:27:47] my_logger.INFO: fetching user data [] []
[2017-03-12 15:31:57] my_logger.INFO: check_verify_status [] []
[2017-03-12 15:32:09] my_logger.INFO: login [] []
[2017-03-12 15:33:25] my_logger.INFO: fetching user data [] []
[2017-03-12 15:33:26] my_logger.INFO: verify_mobile_unique [] []
[2017-03-12 15:33:44] my_logger.INFO: verify_mobile_unique [] []
[2017-03-12 15:34:10] my_logger.INFO: check_verify_status [] []
[2017-03-12 15:34:10] my_logger.INFO: login [] []
[2017-03-12 15:34:10] my_logger.INFO: fetching user data [] []
[2017-03-12 15:34:12] my_logger.INFO: verify_mobile_unique [] []
[2017-03-12 15:34:53] my_logger.INFO: check_verify_status [] []
[2017-03-12 15:34:53] my_logger.INFO: login [] []
[2017-03-12 15:34:53] my_logger.INFO: fetching user data [] []
[2017-03-12 15:35:17] my_logger.INFO: check_verify_status [] []
[2017-03-12 15:35:17] my_logger.INFO: login [] []
[2017-03-12 15:35:18] my_logger.INFO: fetching user data [] []
[2017-03-12 15:35:29] my_logger.INFO: check_verify_status [] []
[2017-03-12 15:35:29] my_logger.INFO: login [] []
[2017-03-12 15:35:30] my_logger.INFO: fetching user data [] []
[2017-03-12 15:35:32] my_logger.INFO: check_verify_status [] []
[2017-03-12 15:35:33] my_logger.INFO: login [] []
[2017-03-12 15:35:35] my_logger.INFO: fetching user data [] []
[2017-03-12 15:36:01] my_logger.INFO: check_verify_status [] []
[2017-03-12 15:36:01] my_logger.INFO: login [] []
[2017-03-12 15:36:02] my_logger.INFO: fetching user data [] []
[2017-03-12 15:36:04] my_logger.INFO: verify_mobile_unique [] []
[2017-03-12 15:36:07] my_logger.INFO: check_verify_status [] []
[2017-03-12 15:36:07] my_logger.INFO: login [] []
[2017-03-12 15:36:08] my_logger.INFO: fetching user data [] []
[2017-03-12 15:38:07] my_logger.INFO: check_verify_status [] []
[2017-03-12 15:38:07] my_logger.INFO: login [] []
[2017-03-12 15:38:08] my_logger.INFO: fetching user data [] []
[2017-03-12 15:38:24] my_logger.INFO: verify_mobile_unique [] []
[2017-03-12 15:38:25] my_logger.INFO: register started [] []
[2017-03-12 15:38:38] my_logger.INFO: verify_mobile_unique [] []
[2017-03-12 15:38:38] my_logger.INFO: register started [] []
[2017-03-12 15:39:17] my_logger.INFO: verify_mobile_unique [] []
[2017-03-12 15:40:26] my_logger.INFO: verify_mobile_unique [] []
[2017-03-12 15:40:40] my_logger.INFO: check_verify_status [] []
[2017-03-12 15:40:41] my_logger.INFO: login [] []
[2017-03-12 15:40:43] my_logger.INFO: fetching user data [] []
[2017-03-12 15:41:34] my_logger.INFO: check_verify_status [] []
[2017-03-12 15:41:55] my_logger.INFO: check_verify_status [] []
[2017-03-12 15:41:55] my_logger.INFO: login [] []
[2017-03-12 15:41:55] my_logger.INFO: fetching user data [] []
[2017-03-12 15:57:54] my_logger.INFO: verify_mobile_unique [] []
[2017-03-12 16:21:11] my_logger.INFO: verify_mobile_unique [] []
[2017-03-12 16:21:57] my_logger.INFO: verify_mobile_unique [] []
[2017-03-12 16:22:12] my_logger.INFO: verify_mobile_unique [] []
[2017-03-12 16:24:55] my_logger.INFO: verify_mobile_unique [] []
[2017-03-12 16:30:17] my_logger.INFO: verify_mobile_unique [] []
[2017-03-12 16:34:46] my_logger.INFO: verify_mobile_unique [] []
[2017-03-12 16:36:09] my_logger.INFO: verify_mobile_unique [] []
[2017-03-12 16:36:23] my_logger.INFO: verify_mobile_unique [] []
[2017-03-12 16:37:02] my_logger.INFO: verify_mobile_unique [] []
[2017-03-12 16:38:34] my_logger.INFO: verify_mobile_unique [] []
[2017-03-12 16:39:09] my_logger.INFO: verify_mobile_unique [] []
[2017-03-12 16:39:27] my_logger.INFO: verify_mobile_unique [] []
[2017-03-12 16:39:48] my_logger.INFO: verify_mobile_unique [] []
[2017-03-12 16:39:53] my_logger.INFO: verify_mobile_unique [] []
[2017-03-12 16:40:39] my_logger.INFO: verify_mobile_unique [] []
[2017-03-12 16:41:06] my_logger.INFO: verify_mobile_unique [] []
[2017-03-12 16:42:12] my_logger.INFO: verify_mobile_unique [] []
[2017-03-12 16:42:57] my_logger.INFO: verify_mobile_unique [] []
[2017-03-12 16:43:19] my_logger.INFO: verify_mobile_unique [] []
[2017-03-12 16:46:16] my_logger.INFO: verify_mobile_unique [] []
[2017-03-12 16:46:33] my_logger.INFO: verify_mobile_unique [] []
[2017-03-12 16:47:56] my_logger.INFO: verify_mobile_unique [] []
[2017-03-12 16:48:10] my_logger.INFO: verify_mobile_unique [] []
[2017-03-12 16:49:44] my_logger.INFO: verify_mobile_unique [] []
[2017-03-12 16:50:53] my_logger.INFO: verify_mobile_unique [] []
[2017-03-12 16:51:02] my_logger.INFO: verify_mobile_unique [] []
[2017-03-12 16:54:07] my_logger.INFO: verify_mobile_unique [] []
[2017-03-12 16:54:07] my_logger.INFO: register started [] []
[2017-03-12 16:54:19] my_logger.INFO: verify_mobile_unique [] []
[2017-03-12 16:57:06] my_logger.INFO: check_verify_status [] []
[2017-03-12 16:57:11] my_logger.INFO: verify_mobile_unique [] []
[2017-03-12 16:57:24] my_logger.INFO: verify_mobile_unique [] []
[2017-03-12 20:14:29] my_logger.INFO: verify_mobile_unique [] []
[2017-03-18 20:16:41] my_logger.INFO: check_mobile_exists [] []
[2017-03-18 20:17:57] my_logger.INFO: check_mobile_exists [] []
[2017-03-18 20:17:57] my_logger.INFO: check_verify_status [] []
[2017-03-18 20:18:22] my_logger.INFO: check_mobile_exists [] []
[2017-03-18 20:18:23] my_logger.INFO: check_verify_status [] []
[2017-03-18 20:18:23] my_logger.INFO: resetting password [] []
[2017-03-18 20:18:32] my_logger.INFO: check_mobile_exists [] []
[2017-03-18 20:18:32] my_logger.INFO: check_verify_status [] []
[2017-03-18 20:18:32] my_logger.INFO: resetting password [] []
[2017-03-18 20:18:36] my_logger.INFO: check_mobile_exists [] []
[2017-03-18 20:18:36] my_logger.INFO: check_verify_status [] []
[2017-03-18 20:18:36] my_logger.INFO: resetting password [] []
[2017-03-18 20:18:43] my_logger.INFO: check_mobile_exists [] []
[2017-03-18 20:18:43] my_logger.INFO: check_verify_status [] []
[2017-03-18 20:18:43] my_logger.INFO: resetting password [] []
[2017-03-18 20:21:28] my_logger.INFO: check_mobile_exists [] []
[2017-03-18 20:21:28] my_logger.INFO: check_verify_status [] []
[2017-03-18 20:21:28] my_logger.INFO: resetting password [] []
[2017-03-18 20:22:43] my_logger.INFO: check_mobile_exists [] []
[2017-03-18 20:22:44] my_logger.INFO: check_verify_status [] []
[2017-03-18 20:22:44] my_logger.INFO: resetting password [] []
[2017-03-18 20:23:01] my_logger.INFO: check_mobile_exists [] []
[2017-03-18 20:23:01] my_logger.INFO: check_verify_status [] []
[2017-03-18 20:23:01] my_logger.INFO: resetting password [] []
[2017-03-18 20:23:28] my_logger.INFO: check_mobile_exists [] []
[2017-03-18 20:23:28] my_logger.INFO: check_verify_status [] []
[2017-03-18 20:23:28] my_logger.INFO: resetting password [] []
[2017-03-18 20:23:55] my_logger.INFO: check_mobile_exists [] []
[2017-03-18 20:23:55] my_logger.INFO: check_verify_status [] []
[2017-03-18 20:23:55] my_logger.INFO: resetting password [] []
[2017-03-18 20:24:09] my_logger.INFO: check_mobile_exists [] []
[2017-03-18 20:24:09] my_logger.INFO: check_verify_status [] []
[2017-03-18 20:24:09] my_logger.INFO: resetting password [] []
[2017-03-18 20:24:11] my_logger.INFO: check_mobile_exists [] []
[2017-03-18 20:24:11] my_logger.INFO: check_verify_status [] []
[2017-03-18 20:24:11] my_logger.INFO: resetting password [] []
[2017-03-18 20:24:22] my_logger.INFO: check_mobile_exists [] []
[2017-03-18 20:24:22] my_logger.INFO: check_verify_status [] []
[2017-03-18 20:24:22] my_logger.INFO: resetting password [] []
[2017-03-18 20:24:35] my_logger.INFO: check_mobile_exists [] []
[2017-03-18 20:24:35] my_logger.INFO: check_verify_status [] []
[2017-03-18 20:24:58] my_logger.INFO: check_mobile_exists [] []
[2017-03-18 20:25:08] my_logger.INFO: check_mobile_exists [] []
[2017-03-18 20:25:08] my_logger.INFO: check_verify_status [] []
[2017-03-18 20:25:08] my_logger.INFO: resetting password [] []
[2017-03-18 20:25:14] my_logger.INFO: check_mobile_exists [] []
[2017-03-18 20:25:14] my_logger.INFO: check_verify_status [] []
[2017-03-18 20:25:14] my_logger.INFO: resetting password [] []
[2017-03-18 20:25:19] my_logger.INFO: check_mobile_exists [] []
[2017-03-18 20:25:19] my_logger.INFO: check_verify_status [] []
[2017-03-18 20:25:19] my_logger.INFO: resetting password [] []
[2017-03-18 20:25:27] my_logger.INFO: check_mobile_exists [] []
[2017-03-18 20:25:32] my_logger.INFO: check_mobile_exists [] []
[2017-03-18 20:25:33] my_logger.INFO: check_verify_status [] []
[2017-03-18 20:25:33] my_logger.INFO: resetting password [] []
[2017-03-18 21:44:39] my_logger.INFO: fetching banner data [] []
[2017-03-18 21:48:22] my_logger.INFO: fetching banner data [] []
[2017-03-18 21:49:32] my_logger.INFO: fetching banner data [] []
[2017-03-18 22:59:57] my_logger.INFO: fetching banner data [] []
[2017-03-18 23:01:36] my_logger.INFO: fetching banner data [] []
[2017-03-18 23:01:36] my_logger.INFO: fetching Products data [] []
[2017-03-18 23:01:53] my_logger.INFO: fetching banner data [] []
[2017-03-18 23:01:53] my_logger.INFO: fetching Products data [] []
[2017-03-18 23:02:18] my_logger.INFO: fetching banner data [] []
[2017-03-18 23:02:18] my_logger.INFO: fetching Products data [] []
[2017-03-18 23:04:19] my_logger.INFO: fetching banner data [] []
[2017-03-18 23:04:19] my_logger.INFO: fetching Products data [] []
[2017-03-18 23:04:42] my_logger.INFO: fetching banner data [] []
[2017-03-18 23:04:42] my_logger.INFO: fetching Products data [] []
[2017-03-18 23:05:23] my_logger.INFO: fetching banner data [] []
[2017-03-18 23:05:23] my_logger.INFO: fetching Products data [] []
[2017-03-18 23:05:23] my_logger.INFO: fetching home feed [] []
[2017-03-18 23:07:58] my_logger.INFO: fetching banner data [] []
[2017-03-18 23:07:58] my_logger.INFO: fetching Products data [] []
[2017-03-18 23:07:58] my_logger.INFO: fetching home feed [] []
[2017-03-18 23:10:23] my_logger.INFO: fetching banner data [] []
[2017-03-18 23:10:24] my_logger.INFO: fetching Products data [] []
[2017-03-18 23:10:24] my_logger.INFO: fetching home feed [] []
[2017-03-19 07:55:26] my_logger.INFO: check_mobile_exists [] []
[2017-03-19 07:55:26] my_logger.INFO: check_verify_status [] []
[2017-03-19 07:55:26] my_logger.INFO: resetting password [] []
[2017-03-25 19:07:17] my_logger.INFO: verify_mobile_unique [] []
[2017-03-25 19:07:58] my_logger.INFO: verify_mobile_unique [] []
[2017-03-25 19:08:22] my_logger.INFO: verify_mobile_unique [] []
[2017-03-25 19:09:06] my_logger.INFO: verify_mobile_unique [] []
[2017-03-25 19:09:23] my_logger.INFO: verify_mobile_unique [] []
[2017-03-25 19:10:10] my_logger.INFO: verify_mobile_unique [] []
[2017-03-25 19:10:43] my_logger.INFO: verify_mobile_unique [] []
[2017-03-25 19:11:09] my_logger.INFO: verify_mobile_unique [] []
[2017-03-25 19:11:30] my_logger.INFO: verify_mobile_unique [] []
[2017-03-25 19:13:01] my_logger.INFO: verify_mobile_unique [] []
[2017-03-25 19:18:12] my_logger.INFO: verify_mobile_unique [] []
[2017-03-25 19:23:31] my_logger.INFO: verify_mobile_unique [] []
[2017-03-25 19:24:09] my_logger.INFO: verify_mobile_unique [] []
[2017-03-25 19:28:09] my_logger.INFO: verify_mobile_unique [] []
[2017-03-25 19:29:43] my_logger.INFO: verify_mobile_unique [] []
[2017-03-25 19:32:14] my_logger.INFO: verify_mobile_unique [] []
[2017-03-25 19:33:47] my_logger.INFO: verify_mobile_unique [] []
[2017-03-25 19:34:08] my_logger.INFO: verify_mobile_unique [] []
[2017-03-25 19:37:28] my_logger.INFO: verify_mobile_unique [] []
[2017-03-25 19:45:26] my_logger.INFO: verify_mobile_unique [] []
[2017-03-25 19:45:34] my_logger.INFO: verify_mobile_unique [] []
[2017-03-25 19:45:59] my_logger.INFO: verify_mobile_unique [] []
[2017-03-25 19:47:59] my_logger.INFO: verify_mobile_unique [] []
[2017-03-25 19:50:52] my_logger.INFO: verify_mobile_unique [] []
[2017-03-25 19:58:47] my_logger.INFO: verify_mobile_unique [] []
[2017-03-25 19:59:09] my_logger.INFO: verify_mobile_unique [] []
[2017-03-25 19:59:52] my_logger.INFO: verify_mobile_unique [] []
[2017-03-25 20:00:40] my_logger.INFO: verify_mobile_unique [] []
[2017-03-25 20:00:56] my_logger.INFO: verify_mobile_unique [] []
[2017-03-25 20:01:37] my_logger.INFO: verify_mobile_unique [] []
[2017-03-25 20:02:24] my_logger.INFO: verify_mobile_unique [] []
[2017-03-25 20:02:53] my_logger.INFO: verify_mobile_unique [] []
[2017-03-25 20:10:19] my_logger.INFO: verify_mobile_unique [] []
[2017-03-25 20:12:04] my_logger.INFO: verify_mobile_unique [] []
[2017-03-25 20:12:30] my_logger.INFO: verify_mobile_unique [] []
[2017-03-25 20:13:48] my_logger.INFO: verify_mobile_unique [] []
[2017-03-25 20:16:34] my_logger.INFO: verify_mobile_unique [] []
[2017-03-25 20:18:53] my_logger.INFO: verify_mobile_unique [] []
[2017-03-25 20:18:53] my_logger.INFO: check_mobile_exists [] []
[2017-03-25 20:19:40] my_logger.INFO: verify_mobile_unique [] []
[2017-03-25 20:19:40] my_logger.INFO: check_mobile_exists [] []
[2017-03-25 20:21:35] my_logger.INFO: check_mobile_exists [] []
[2017-03-25 20:22:26] my_logger.INFO: check_mobile_exists [] []
[2017-03-25 20:22:27] my_logger.INFO: verify_user [] []
[2017-03-25 20:24:27] my_logger.INFO: check_mobile_exists [] []
[2017-03-25 20:24:27] my_logger.INFO: verify_user [] []
[2017-03-26 07:37:01] my_logger.INFO: check_mobile_exists [] []
[2017-03-26 07:37:01] my_logger.INFO: updating user data [] []
[2017-03-26 07:41:25] my_logger.INFO: check_mobile_exists [] []
[2017-03-26 07:41:25] my_logger.INFO: updating user data [] []
[2017-03-26 07:41:54] my_logger.INFO: check_mobile_exists [] []
[2017-03-26 07:41:54] my_logger.INFO: updating user data [] []
[2017-03-26 07:53:55] my_logger.INFO: check_mobile_exists [] []
[2017-03-26 07:53:55] my_logger.INFO: updating user data [] []
[2017-03-26 07:54:36] my_logger.INFO: check_mobile_exists [] []
[2017-03-26 07:54:36] my_logger.INFO: updating user data [] []
[2017-03-26 07:55:10] my_logger.INFO: check_mobile_exists [] []
[2017-03-26 07:55:10] my_logger.INFO: updating user data [] []
[2017-03-26 07:57:12] my_logger.INFO: check_mobile_exists [] []
[2017-03-26 07:57:13] my_logger.INFO: updating user data [] []
[2017-03-26 07:59:14] my_logger.INFO: check_mobile_exists [] []
[2017-03-26 07:59:15] my_logger.INFO: updating user data [] []
[2017-03-26 07:59:40] my_logger.INFO: check_mobile_exists [] []
[2017-03-26 07:59:40] my_logger.INFO: updating user data [] []
[2017-03-26 08:00:18] my_logger.INFO: check_mobile_exists [] []
[2017-03-26 08:00:18] my_logger.INFO: updating user data [] []
[2017-03-26 08:00:57] my_logger.INFO: check_mobile_exists [] []
[2017-03-26 08:00:57] my_logger.INFO: updating user data [] []
[2017-03-26 08:02:24] my_logger.INFO: check_mobile_exists [] []
[2017-03-26 08:02:24] my_logger.INFO: updating user data [] []
[2017-03-26 08:07:43] my_logger.INFO: check_mobile_exists [] []
[2017-03-26 08:07:43] my_logger.INFO: updating user data [] []
[2017-03-26 08:08:54] my_logger.INFO: check_mobile_exists [] []
[2017-03-26 08:08:54] my_logger.INFO: updating user data [] []
[2017-03-26 08:14:49] my_logger.INFO: check_mobile_exists [] []
[2017-03-26 08:16:43] my_logger.INFO: check_mobile_exists [] []
[2017-03-26 08:16:43] my_logger.INFO: updating user data [] []
[2017-03-26 08:18:13] my_logger.INFO: check_mobile_exists [] []
[2017-03-26 08:18:14] my_logger.INFO: updating user data [] []
[2017-03-26 08:21:44] my_logger.INFO: check_mobile_exists [] []
[2017-03-26 08:21:45] my_logger.INFO: updating user data [] []
[2017-03-26 08:22:09] my_logger.INFO: check_mobile_exists [] []
[2017-03-26 08:22:09] my_logger.INFO: updating user data [] []
[2017-03-26 08:22:40] my_logger.INFO: check_mobile_exists [] []
[2017-03-26 08:22:40] my_logger.INFO: updating user data [] []
[2017-03-26 08:22:56] my_logger.INFO: check_mobile_exists [] []
[2017-03-26 08:22:56] my_logger.INFO: updating user data [] []
[2017-03-26 08:23:20] my_logger.INFO: check_mobile_exists [] []
[2017-03-26 08:23:21] my_logger.INFO: updating user data [] []
[2017-03-26 08:23:51] my_logger.INFO: check_mobile_exists [] []
[2017-03-26 08:23:52] my_logger.INFO: updating user data [] []
[2017-03-26 08:24:21] my_logger.INFO: check_mobile_exists [] []
[2017-03-26 08:24:21] my_logger.INFO: updating user data [] []
[2017-03-26 08:24:33] my_logger.INFO: check_mobile_exists [] []
[2017-03-26 08:24:34] my_logger.INFO: updating user data [] []
[2017-03-26 08:25:00] my_logger.INFO: check_mobile_exists [] []
[2017-03-26 08:25:01] my_logger.INFO: updating user data [] []
[2017-03-26 08:25:25] my_logger.INFO: check_mobile_exists [] []
[2017-03-26 08:25:26] my_logger.INFO: updating user data [] []
[2017-03-26 20:11:24] my_logger.INFO: check_mobile_exists [] []
[2017-03-26 20:11:24] my_logger.INFO: updating user data [] []
[2017-03-26 20:11:33] my_logger.INFO: check_mobile_exists [] []
[2017-03-26 20:11:34] my_logger.INFO: updating user data [] []
[2017-03-26 20:12:57] my_logger.INFO: check_mobile_exists [] []
[2017-03-26 20:12:57] my_logger.INFO: updating user data [] []
[2017-03-26 20:13:14] my_logger.INFO: check_mobile_exists [] []
[2017-03-26 20:13:14] my_logger.INFO: updating user data [] []
[2017-03-26 20:13:40] my_logger.INFO: check_mobile_exists [] []
[2017-03-26 20:13:41] my_logger.INFO: updating user data [] []
[2017-03-26 20:13:48] my_logger.INFO: check_mobile_exists [] []
[2017-03-26 20:13:49] my_logger.INFO: updating user data [] []
[2017-03-26 20:14:56] my_logger.INFO: check_mobile_exists [] []
[2017-03-26 20:14:56] my_logger.INFO: updating user data [] []
[2017-03-26 20:16:07] my_logger.INFO: check_mobile_exists [] []
[2017-03-26 20:16:08] my_logger.INFO: updating user data [] []
[2017-03-26 20:16:32] my_logger.INFO: check_mobile_exists [] []
[2017-03-26 20:16:32] my_logger.INFO: updating user data [] []
[2017-03-26 20:17:02] my_logger.INFO: check_mobile_exists [] []
[2017-03-26 20:17:02] my_logger.INFO: updating user data [] []
[2017-03-26 20:17:20] my_logger.INFO: check_mobile_exists [] []
[2017-03-26 20:17:21] my_logger.INFO: updating user data [] []
[2017-03-26 20:17:27] my_logger.INFO: check_mobile_exists [] []
[2017-03-26 20:17:27] my_logger.INFO: updating user data [] []
[2017-03-26 20:18:06] my_logger.INFO: verify_mobile_unique [] []
[2017-03-26 20:20:06] my_logger.INFO: verify_mobile_unique [] []
[2017-03-26 20:20:39] my_logger.INFO: verify_mobile_unique [] []
[2017-03-26 20:21:02] my_logger.INFO: verify_mobile_unique [] []
[2017-03-26 20:21:10] my_logger.INFO: verify_mobile_unique [] []
[2017-03-26 20:21:18] my_logger.INFO: verify_mobile_unique [] []
[2017-03-26 20:21:18] my_logger.INFO: check_mobile_exists [] []
[2017-03-26 20:22:32] my_logger.INFO: verify_mobile_unique [] []
[2017-03-26 20:22:32] my_logger.INFO: check_mobile_exists [] []
[2017-03-26 20:23:03] my_logger.INFO: verify_mobile_unique [] []
[2017-03-26 20:23:03] my_logger.INFO: check_mobile_exists [] []
[2017-03-26 20:23:03] my_logger.INFO: resetting mobile [] []
[2017-03-26 20:23:28] my_logger.INFO: verify_mobile_unique [] []
[2017-03-26 20:23:29] my_logger.INFO: check_mobile_exists [] []
[2017-03-26 20:23:29] my_logger.INFO: resetting mobile [] []
[2017-03-26 20:23:55] my_logger.INFO: verify_mobile_unique [] []
[2017-03-26 20:23:55] my_logger.INFO: check_mobile_exists [] []
[2017-03-26 20:25:02] my_logger.INFO: check_mobile_exists [] []
[2017-03-26 20:25:14] my_logger.INFO: check_mobile_exists [] []
[2017-03-26 20:25:29] my_logger.INFO: check_mobile_exists [] []
[2017-03-26 20:25:29] my_logger.INFO: check_verify_status [] []
[2017-03-26 20:25:49] my_logger.INFO: check_mobile_exists [] []
[2017-03-26 20:25:49] my_logger.INFO: check_verify_status [] []
[2017-03-26 20:25:49] my_logger.INFO: resetting password [] []
[2017-03-26 20:26:15] my_logger.INFO: check_mobile_exists [] []
[2017-03-26 20:26:15] my_logger.INFO: check_verify_status [] []
[2017-03-26 20:26:16] my_logger.INFO: resetting password [] []
[2017-03-26 20:27:04] my_logger.INFO: check_verify_status [] []
[2017-03-26 20:27:16] my_logger.INFO: check_verify_status [] []
[2017-03-26 20:27:17] my_logger.INFO: login [] []
[2017-03-26 20:27:31] my_logger.INFO: check_verify_status [] []
[2017-03-26 20:27:31] my_logger.INFO: login [] []
[2017-03-26 20:27:31] my_logger.INFO: fetching user data [] []
[2017-03-26 20:27:44] my_logger.INFO: check_mobile_exists [] []
[2017-03-26 20:27:45] my_logger.INFO: check_verify_status [] []
[2017-03-26 20:27:45] my_logger.INFO: resetting password [] []
[2017-03-26 20:27:52] my_logger.INFO: check_verify_status [] []
[2017-03-26 20:27:52] my_logger.INFO: login [] []
[2017-03-26 20:27:57] my_logger.INFO: check_verify_status [] []
[2017-03-26 20:27:58] my_logger.INFO: login [] []
[2017-03-26 20:27:58] my_logger.INFO: fetching user data [] []
[2017-03-26 20:28:05] my_logger.INFO: check_verify_status [] []
[2017-03-26 20:28:10] my_logger.INFO: check_verify_status [] []
[2017-03-26 20:28:10] my_logger.INFO: login [] []
[2017-03-26 20:28:10] my_logger.INFO: fetching user data [] []
[2017-03-26 20:36:24] my_logger.INFO: verify_mobile_unique [] []
[2017-03-26 20:36:24] my_logger.INFO: check_mobile_exists [] []
[2017-03-28 21:50:01] my_logger.INFO: fetching Products data [] []
[2017-03-28 21:50:15] my_logger.INFO: fetching Products data [] []
[2017-03-28 21:50:42] my_logger.INFO: fetching Products data [] []
[2017-03-28 21:50:54] my_logger.INFO: fetching Products data [] []
[2017-03-28 21:52:17] my_logger.INFO: fetching Products data [] []
[2017-03-28 21:52:22] my_logger.INFO: fetching banner data [] []
[2017-03-28 21:52:22] my_logger.INFO: fetching product category feed [] []
[2017-03-28 21:52:22] my_logger.INFO: fetching home feed [] []
